{"/Users/mahardicka/Documents/project/money/App.tsx": {"path":"/Users/mahardicka/Documents/project/money/App.tsx","statementMap":{"0":{"start":{"line":31,"column":12},"end":{"line":77,"column":1}},"1":{"start":{"line":32,"column":2},"end":{"line":76,"column":4}},"2":{"start":{"line":79,"column":15},"end":{"line":116,"column":2}}},"fnMap":{"0":{"name":"(anonymous_0)","decl":{"start":{"line":31,"column":12},"end":{"line":31,"column":13}},"loc":{"start":{"line":31,"column":18},"end":{"line":77,"column":1}},"line":31}},"branchMap":{"0":{"loc":{"start":{"line":40,"column":11},"end":{"line":44,"column":11}},"type":"cond-expr","locations":[{"start":{"line":40,"column":43},"end":{"line":40,"column":47}},{"start":{"line":41,"column":12},"end":{"line":43,"column":19}}],"line":40}},"s":{"0":1,"1":1,"2":1},"f":{"0":1},"b":{"0":[1,0]},"_coverageSchema":"43e27e138ebf9cfc5966b082cf9a028302ed4184","hash":"60f5055ba1d68dadf8998be83b1f61c822a06ef4"}
,"/Users/mahardicka/Documents/project/money/src/index.tsx": {"path":"/Users/mahardicka/Documents/project/money/src/index.tsx","statementMap":{"0":{"start":{"line":7,"column":2},"end":{"line":11,"column":4}}},"fnMap":{"0":{"name":"(anonymous_0)","decl":{"start":{"line":6,"column":15},"end":{"line":6,"column":16}},"loc":{"start":{"line":6,"column":21},"end":{"line":12,"column":1}},"line":6}},"branchMap":{},"s":{"0":1},"f":{"0":1},"b":{},"_coverageSchema":"43e27e138ebf9cfc5966b082cf9a028302ed4184","hash":"5768b94f2fa5cf18e3873c5d87f11932f17bde11"}
,"/Users/mahardicka/Documents/project/money/src/routes/index.tsx": {"path":"/Users/mahardicka/Documents/project/money/src/routes/index.tsx","statementMap":{"0":{"start":{"line":9,"column":46},"end":{"line":20,"column":1}},"1":{"start":{"line":21,"column":13},"end":{"line":30,"column":1}},"2":{"start":{"line":22,"column":30},"end":{"line":22,"column":52}},"3":{"start":{"line":23,"column":2},"end":{"line":29,"column":4}}},"fnMap":{"0":{"name":"(anonymous_0)","decl":{"start":{"line":21,"column":13},"end":{"line":21,"column":14}},"loc":{"start":{"line":21,"column":19},"end":{"line":30,"column":1}},"line":21}},"branchMap":{},"s":{"0":2,"1":2,"2":1,"3":1},"f":{"0":1},"b":{},"_coverageSchema":"43e27e138ebf9cfc5966b082cf9a028302ed4184","hash":"9eac76efad04f19395d9f17eb3c38ea69d58f1d0"}
,"/Users/mahardicka/Documents/project/money/src/screens/home/Daily.tsx": {"path":"/Users/mahardicka/Documents/project/money/src/screens/home/Daily.tsx","statementMap":{"0":{"start":{"line":4,"column":14},"end":{"line":10,"column":1}},"1":{"start":{"line":5,"column":2},"end":{"line":9,"column":4}}},"fnMap":{"0":{"name":"(anonymous_0)","decl":{"start":{"line":4,"column":14},"end":{"line":4,"column":15}},"loc":{"start":{"line":4,"column":20},"end":{"line":10,"column":1}},"line":4}},"branchMap":{},"s":{"0":3,"1":2},"f":{"0":2},"b":{},"_coverageSchema":"43e27e138ebf9cfc5966b082cf9a028302ed4184","hash":"fff8cd334c4787411541eed084df6c9b1d561bef"}
,"/Users/mahardicka/Documents/project/money/src/screens/home/Monthly.tsx": {"path":"/Users/mahardicka/Documents/project/money/src/screens/home/Monthly.tsx","statementMap":{"0":{"start":{"line":4,"column":16},"end":{"line":10,"column":1}},"1":{"start":{"line":5,"column":2},"end":{"line":9,"column":4}}},"fnMap":{"0":{"name":"(anonymous_0)","decl":{"start":{"line":4,"column":16},"end":{"line":4,"column":17}},"loc":{"start":{"line":4,"column":22},"end":{"line":10,"column":1}},"line":4}},"branchMap":{},"s":{"0":3,"1":1},"f":{"0":1},"b":{},"_coverageSchema":"43e27e138ebf9cfc5966b082cf9a028302ed4184","hash":"6758d7a11a79a045d12c61b385aa4bbed4563350"}
,"/Users/mahardicka/Documents/project/money/src/screens/home/Weekly.tsx": {"path":"/Users/mahardicka/Documents/project/money/src/screens/home/Weekly.tsx","statementMap":{"0":{"start":{"line":4,"column":15},"end":{"line":10,"column":1}},"1":{"start":{"line":5,"column":2},"end":{"line":9,"column":4}}},"fnMap":{"0":{"name":"(anonymous_0)","decl":{"start":{"line":4,"column":15},"end":{"line":4,"column":16}},"loc":{"start":{"line":4,"column":21},"end":{"line":10,"column":1}},"line":4}},"branchMap":{},"s":{"0":3,"1":1},"f":{"0":1},"b":{},"_coverageSchema":"43e27e138ebf9cfc5966b082cf9a028302ed4184","hash":"6f04accdad391dfe41b4512fc39c05bb8963eb52"}
,"/Users/mahardicka/Documents/project/money/src/screens/home/Yearly.tsx": {"path":"/Users/mahardicka/Documents/project/money/src/screens/home/Yearly.tsx","statementMap":{"0":{"start":{"line":4,"column":15},"end":{"line":10,"column":1}},"1":{"start":{"line":5,"column":2},"end":{"line":9,"column":4}}},"fnMap":{"0":{"name":"(anonymous_0)","decl":{"start":{"line":4,"column":15},"end":{"line":4,"column":16}},"loc":{"start":{"line":4,"column":21},"end":{"line":10,"column":1}},"line":4}},"branchMap":{},"s":{"0":3,"1":1},"f":{"0":1},"b":{},"_coverageSchema":"43e27e138ebf9cfc5966b082cf9a028302ed4184","hash":"bf19b24862d33015aa9b6e19ea226335d6a58cf5"}
,"/Users/mahardicka/Documents/project/money/src/screens/home/index.tsx": {"path":"/Users/mahardicka/Documents/project/money/src/screens/home/index.tsx","statementMap":{"0":{"start":{"line":12,"column":48},"end":{"line":24,"column":1}},"1":{"start":{"line":25,"column":16},"end":{"line":35,"column":1}},"2":{"start":{"line":26,"column":30},"end":{"line":26,"column":61}},"3":{"start":{"line":27,"column":2},"end":{"line":34,"column":4}}},"fnMap":{"0":{"name":"(anonymous_0)","decl":{"start":{"line":25,"column":16},"end":{"line":25,"column":17}},"loc":{"start":{"line":25,"column":22},"end":{"line":35,"column":1}},"line":25}},"branchMap":{},"s":{"0":2,"1":2,"2":1,"3":1},"f":{"0":1},"b":{},"_coverageSchema":"43e27e138ebf9cfc5966b082cf9a028302ed4184","hash":"2ddaf93a25d69851d427bb0f756fcfc9b2a9138f"}
}
